<?xml version="1.0" encoding="UTF-8"?>
<testsuite name="us.abstracta.opencart.RegisterTests" tests="1" skipped="0" failures="0" errors="0" timestamp="2020-09-20T20:13:21" hostname="darkqa-N68S3B" time="10.218">
  <properties/>
  <testcase name="testRegisterUser()" classname="us.abstracta.opencart.RegisterTests" time="10.218"/>
  <system-out><![CDATA[]]></system-out>
  <system-err><![CDATA[SLF4J: Failed to load class "org.slf4j.impl.StaticLoggerBinder".
SLF4J: Defaulting to no-operation (NOP) logger implementation
SLF4J: See http://www.slf4j.org/codes.html#StaticLoggerBinder for further details.
Starting ChromeDriver 85.0.4183.87 (cd6713ebf92fa1cacc0f1a598df280093af0c5d7-refs/branch-heads/4183@{#1689}) on port 28072
Only local connections are allowed.
Please see https://chromedriver.chromium.org/security-considerations for suggestions on keeping ChromeDriver safe.
ChromeDriver was started successfully.
сент. 20, 2020 11:13:26 PM org.openqa.selenium.remote.ProtocolHandshake createSession
INFO: Detected dialect: W3C
]]></system-err>
</testsuite>
